Removed Pin From Net: NetName=5V Pin=C5_1-2
Removed Pin From Net: NetName=5V Pin=C5_2-2
Removed Pin From Net: NetName=5V Pin=C5_3-2
Removed Pin From Net: NetName=5V Pin=IC1_1-8
Removed Pin From Net: NetName=5V Pin=IC1_2-8
Removed Pin From Net: NetName=5V Pin=IC1_3-8
Removed Pin From Net: NetName=5V Pin=IC2_1-20
Removed Pin From Net: NetName=5V Pin=IC2_1-21
Removed Pin From Net: NetName=5V Pin=IC2_2-20
Removed Pin From Net: NetName=5V Pin=IC2_2-21
Removed Pin From Net: NetName=5V Pin=IC2_3-20
Removed Pin From Net: NetName=5V Pin=IC2_3-21
Removed Pin From Net: NetName=5V Pin=R3_1-1
Removed Pin From Net: NetName=5V Pin=R3_2-1
Removed Pin From Net: NetName=5V Pin=R3_3-1
Removed Pin From Net: NetName=5V Pin=R7_1-2
Removed Pin From Net: NetName=5V Pin=R7_2-2
Removed Pin From Net: NetName=5V Pin=R7_3-2
Removed Pin From Net: NetName=5V Pin=R8_1-2
Removed Pin From Net: NetName=5V Pin=R8_2-2
Removed Pin From Net: NetName=5V Pin=R8_3-2
Removed Pin From Net: NetName=5V Pin=R11_1-2
Removed Pin From Net: NetName=5V Pin=R11_2-2
Removed Pin From Net: NetName=5V Pin=R11_3-2
Added Pin To Net: NetName=5V_1 Pin=C5_1-2
Added Pin To Net: NetName=5V_1 Pin=IC1_1-8
Added Pin To Net: NetName=5V_1 Pin=IC2_1-20
Added Pin To Net: NetName=5V_1 Pin=IC2_1-21
Added Pin To Net: NetName=5V_1 Pin=R3_1-1
Added Pin To Net: NetName=5V_1 Pin=R7_1-2
Added Pin To Net: NetName=5V_1 Pin=R8_1-2
Added Pin To Net: NetName=5V_1 Pin=R11_1-2
Added Net: Name=5V_1
Added Pin To Net: NetName=5V_2 Pin=C5_2-2
Added Pin To Net: NetName=5V_2 Pin=IC1_2-8
Added Pin To Net: NetName=5V_2 Pin=IC2_2-20
Added Pin To Net: NetName=5V_2 Pin=IC2_2-21
Added Pin To Net: NetName=5V_2 Pin=R3_2-1
Added Pin To Net: NetName=5V_2 Pin=R7_2-2
Added Pin To Net: NetName=5V_2 Pin=R8_2-2
Added Pin To Net: NetName=5V_2 Pin=R11_2-2
Added Net: Name=5V_2
Added Pin To Net: NetName=5V_3 Pin=C5_3-2
Added Pin To Net: NetName=5V_3 Pin=IC1_3-8
Added Pin To Net: NetName=5V_3 Pin=IC2_3-20
Added Pin To Net: NetName=5V_3 Pin=IC2_3-21
Added Pin To Net: NetName=5V_3 Pin=R3_3-1
Added Pin To Net: NetName=5V_3 Pin=R7_3-2
Added Pin To Net: NetName=5V_3 Pin=R8_3-2
Added Pin To Net: NetName=5V_3 Pin=R11_3-2
Added Net: Name=5V_3
Added Member To Class: ClassName=Bridge_2 Member=Component C1_2 (C1) 100µF
Added Member To Class: ClassName=Bridge_3 Member=Component C1_3 (C1) 100µF
Added Member To Class: ClassName=Bridge_2 Member=Component C2_2 (C2) 100nF
Added Member To Class: ClassName=Bridge_3 Member=Component C2_3 (C2) 100nF
Added Member To Class: ClassName=Bridge_2 Member=Component C3_2 (C3) 100nF
Added Member To Class: ClassName=Bridge_3 Member=Component C3_3 (C3) 100nF
Added Member To Class: ClassName=Bridge_2 Member=Component C4_2 (C4) 4,7µF
Added Member To Class: ClassName=Bridge_3 Member=Component C4_3 (C4) 4,7µF
Added Member To Class: ClassName=Bridge_2 Member=Component C5_2 (C5) 1µF
Added Member To Class: ClassName=Bridge_3 Member=Component C5_3 (C5) 1µF
Added Member To Class: ClassName=Bridge_2 Member=Component C6_2 (C6) 100nF
Added Member To Class: ClassName=Bridge_3 Member=Component C6_3 (C6) 100nF
Added Member To Class: ClassName=Bridge_2 Member=Component C7_2 (C7) 470nF
Added Member To Class: ClassName=Bridge_3 Member=Component C7_3 (C7) 470nF
Added Member To Class: ClassName=Bridge_2 Member=Component C13_2 (C13) 100µF
Added Member To Class: ClassName=Bridge_3 Member=Component C13_3 (C13) 100µF
Added Member To Class: ClassName=Bridge_2 Member=Component IC1_2 (IC1) ACS712ELCTR-20A-T
Added Member To Class: ClassName=Bridge_3 Member=Component IC1_3 (IC1) ACS712ELCTR-20A-T
Added Member To Class: ClassName=Bridge_2 Member=Component IC2_2 (IC2) A3941KLPTR
Added Member To Class: ClassName=Bridge_3 Member=Component IC2_3 (IC2) A3941KLPTR
Added Member To Class: ClassName=Bridge_2 Member=Component P1_2 (P1) WRTBL_2P_508
Added Member To Class: ClassName=Bridge_3 Member=Component P1_3 (P1) WRTBL_2P_508
Added Member To Class: ClassName=Bridge_2 Member=Component Q1_2 (Q1) IPB034N06L3 G
Added Member To Class: ClassName=Bridge_3 Member=Component Q1_3 (Q1) IPB034N06L3 G
Added Member To Class: ClassName=Bridge_2 Member=Component Q2_2 (Q2) IPB034N06L3 G
Added Member To Class: ClassName=Bridge_3 Member=Component Q2_3 (Q2) IPB034N06L3 G
Added Member To Class: ClassName=Bridge_2 Member=Component Q3_2 (Q3) IPB034N06L3 G
Added Member To Class: ClassName=Bridge_3 Member=Component Q3_3 (Q3) IPB034N06L3 G
Added Member To Class: ClassName=Bridge_2 Member=Component Q4_2 (Q4) IPB034N06L3 G
Added Member To Class: ClassName=Bridge_3 Member=Component Q4_3 (Q4) IPB034N06L3 G
Added Member To Class: ClassName=Bridge_2 Member=Component R1_2 (R1) 47R5
Added Member To Class: ClassName=Bridge_3 Member=Component R1_3 (R1) 47R5
Added Member To Class: ClassName=Bridge_2 Member=Component R2_2 (R2) 47R5
Added Member To Class: ClassName=Bridge_3 Member=Component R2_3 (R2) 47R5
Added Member To Class: ClassName=Bridge_2 Member=Component R3_2 (R3) 47k
Added Member To Class: ClassName=Bridge_3 Member=Component R3_3 (R3) 47k
Added Member To Class: ClassName=Bridge_2 Member=Component R4_2 (R4) 4k7
Added Member To Class: ClassName=Bridge_3 Member=Component R4_3 (R4) 4k7
Added Member To Class: ClassName=Bridge_2 Member=Component R5_2 (R5) 47k
Added Member To Class: ClassName=Bridge_3 Member=Component R5_3 (R5) 47k
Added Member To Class: ClassName=Bridge_2 Member=Component R6_2 (R6) 47k
Added Member To Class: ClassName=Bridge_3 Member=Component R6_3 (R6) 47k
Added Member To Class: ClassName=Bridge_2 Member=Component R7_2 (R7) 47k
Added Member To Class: ClassName=Bridge_3 Member=Component R7_3 (R7) 47k
Added Member To Class: ClassName=Bridge_2 Member=Component R8_2 (R8) 47k
Added Member To Class: ClassName=Bridge_3 Member=Component R8_3 (R8) 47k
Added Member To Class: ClassName=Bridge_2 Member=Component R9_2 (R9) 47R5
Added Member To Class: ClassName=Bridge_3 Member=Component R9_3 (R9) 47R5
Added Member To Class: ClassName=Bridge_2 Member=Component R10_2 (R10) 20k
Added Member To Class: ClassName=Bridge_3 Member=Component R10_3 (R10) 20k
Added Member To Class: ClassName=Bridge_2 Member=Component R11_2 (R11) 47k
Added Member To Class: ClassName=Bridge_3 Member=Component R11_3 (R11) 47k
Added Member To Class: ClassName=Bridge_2 Member=Component R12_2 (R12) 47R5
Added Member To Class: ClassName=Bridge_3 Member=Component R12_3 (R12) 47R5
Added Member To Class: ClassName=Bridge_2 Member=Component R13_2 (R13) 47k
Added Member To Class: ClassName=Bridge_3 Member=Component R13_3 (R13) 47k
Added Member To Class: ClassName=Bridge_2 Member=Component R14_2 (R14) 0R
Added Member To Class: ClassName=Bridge_3 Member=Component R14_3 (R14) 0R
