Removed Pin From Net: NetName=En3_CHB Pin=P8-3
Removed Pin From Net: NetName=En3_CHB Pin=PWM_L1-2
Added Pin To Net: NetName=5V Pin=C5_1-2
Added Pin To Net: NetName=5V Pin=C5_2-2
Added Pin To Net: NetName=5V Pin=C5_3-2
Added Pin To Net: NetName=5V Pin=IC1_1-8
Added Pin To Net: NetName=5V Pin=IC1_2-8
Added Pin To Net: NetName=5V Pin=IC1_3-8
Added Pin To Net: NetName=5V Pin=IC2_1-20
Added Pin To Net: NetName=5V Pin=IC2_1-21
Added Pin To Net: NetName=5V Pin=IC2_2-20
Added Pin To Net: NetName=5V Pin=IC2_2-21
Added Pin To Net: NetName=5V Pin=IC2_3-20
Added Pin To Net: NetName=5V Pin=IC2_3-21
Added Pin To Net: NetName=5V Pin=R3_1-1
Added Pin To Net: NetName=5V Pin=R3_2-1
Added Pin To Net: NetName=5V Pin=R3_3-1
Added Pin To Net: NetName=5V Pin=R7_1-2
Added Pin To Net: NetName=5V Pin=R7_2-2
Added Pin To Net: NetName=5V Pin=R7_3-2
Added Pin To Net: NetName=5V Pin=R8_1-2
Added Pin To Net: NetName=5V Pin=R8_2-2
Added Pin To Net: NetName=5V Pin=R8_3-2
Added Pin To Net: NetName=5V Pin=R11_1-2
Added Pin To Net: NetName=5V Pin=R11_2-2
Added Pin To Net: NetName=5V Pin=R11_3-2
Change Net Name : Old Net Name=IO22 New Net Name=SW3_L
Change Net Name : Old Net Name=IO23 New Net Name=SW3_H
Change Net Name : Old Net Name=IO24 New Net Name=SW2_L
Change Net Name : Old Net Name=IO25 New Net Name=SW2_H
Change Net Name : Old Net Name=IO26 New Net Name=SW1_L
Change Net Name : Old Net Name=IO27 New Net Name=SW1_H
Added Pin To Net: NetName=En3_CHA Pin=P8-3
Added Pin To Net: NetName=En3_CHA Pin=PWM_L1-4
Added Net: Name=En3_CHA
Added Room: Name=Overview
