Removed Pin From Net: NetName=V+_U_OutputStage1 Pin=C1_U_OutputStage1-1
Removed Pin From Net: NetName=PGND_U_OutputStage1 Pin=C1_U_OutputStage1-2
Removed Pin From Net: NetName=V+_U_OutputStage2 Pin=C1_U_OutputStage2-1
Removed Pin From Net: NetName=PGND_U_OutputStage2 Pin=C1_U_OutputStage2-2
Removed Pin From Net: NetName=V+_U_OutputStage3 Pin=C1_U_OutputStage3-1
Removed Pin From Net: NetName=PGND_U_OutputStage3 Pin=C1_U_OutputStage3-2
Removed Pin From Net: NetName=NetC2_U_OutputStage1_1 Pin=C2_U_OutputStage1-1
Removed Pin From Net: NetName=NetC2_U_OutputStage2_1 Pin=C2_U_OutputStage2-1
Removed Pin From Net: NetName=NetC2_U_OutputStage3_1 Pin=C2_U_OutputStage3-1
Removed Pin From Net: NetName=NetC3_U_OutputStage1_1 Pin=C3_U_OutputStage1-1
Removed Pin From Net: NetName=NetC3_U_OutputStage1_2 Pin=C3_U_OutputStage1-2
Removed Pin From Net: NetName=NetC3_U_OutputStage2_1 Pin=C3_U_OutputStage2-1
Removed Pin From Net: NetName=NetC3_U_OutputStage2_2 Pin=C3_U_OutputStage2-2
Removed Pin From Net: NetName=NetC3_U_OutputStage3_1 Pin=C3_U_OutputStage3-1
Removed Pin From Net: NetName=NetC3_U_OutputStage3_2 Pin=C3_U_OutputStage3-2
Removed Pin From Net: NetName=NetC4_U_OutputStage1_1 Pin=C4_U_OutputStage1-1
Removed Pin From Net: NetName=NetC4_U_OutputStage2_1 Pin=C4_U_OutputStage2-1
Removed Pin From Net: NetName=NetC4_U_OutputStage3_1 Pin=C4_U_OutputStage3-1
Removed Pin From Net: NetName=NetC6_U_OutputStage1_1 Pin=C6_U_OutputStage1-1
Removed Pin From Net: NetName=NetC6_U_OutputStage1_2 Pin=C6_U_OutputStage1-2
Removed Pin From Net: NetName=NetC6_U_OutputStage2_1 Pin=C6_U_OutputStage2-1
Removed Pin From Net: NetName=NetC6_U_OutputStage2_2 Pin=C6_U_OutputStage2-2
Removed Pin From Net: NetName=NetC6_U_OutputStage3_1 Pin=C6_U_OutputStage3-1
Removed Pin From Net: NetName=NetC6_U_OutputStage3_2 Pin=C6_U_OutputStage3-2
Removed Pin From Net: NetName=NetC7_U_OutputStage1_1 Pin=C7_U_OutputStage1-1
Removed Pin From Net: NetName=NetC7_U_OutputStage1_2 Pin=C7_U_OutputStage1-2
Removed Pin From Net: NetName=NetC7_U_OutputStage2_1 Pin=C7_U_OutputStage2-1
Removed Pin From Net: NetName=NetC7_U_OutputStage2_2 Pin=C7_U_OutputStage2-2
Removed Pin From Net: NetName=NetC7_U_OutputStage3_1 Pin=C7_U_OutputStage3-1
Removed Pin From Net: NetName=NetC7_U_OutputStage3_2 Pin=C7_U_OutputStage3-2
Removed Pin From Net: NetName=NetC3_U_OutputStage1_2 Pin=P1_U_OutputStage1-1
Removed Pin From Net: NetName=NetIC1_U_OutputStage1_3 Pin=P1_U_OutputStage1-2
Removed Pin From Net: NetName=NetC3_U_OutputStage2_2 Pin=P1_U_OutputStage2-1
Removed Pin From Net: NetName=NetIC1_U_OutputStage2_3 Pin=P1_U_OutputStage2-2
Removed Pin From Net: NetName=NetC3_U_OutputStage3_2 Pin=P1_U_OutputStage3-1
Removed Pin From Net: NetName=NetIC1_U_OutputStage3_3 Pin=P1_U_OutputStage3-2
Removed Pin From Net: NetName=NetQ1_U_OutputStage1_1 Pin=R1_U_OutputStage1-1
Removed Pin From Net: NetName=NetIC2_U_OutputStage1_5 Pin=R1_U_OutputStage1-2
Removed Pin From Net: NetName=NetQ1_U_OutputStage2_1 Pin=R1_U_OutputStage2-1
Removed Pin From Net: NetName=NetIC2_U_OutputStage2_5 Pin=R1_U_OutputStage2-2
Removed Pin From Net: NetName=NetQ1_U_OutputStage3_1 Pin=R1_U_OutputStage3-1
Removed Pin From Net: NetName=NetIC2_U_OutputStage3_5 Pin=R1_U_OutputStage3-2
Removed Pin From Net: NetName=NetQ2_U_OutputStage1_1 Pin=R2_U_OutputStage1-1
Removed Pin From Net: NetName=NetIC2_U_OutputStage1_3 Pin=R2_U_OutputStage1-2
Removed Pin From Net: NetName=NetQ2_U_OutputStage2_1 Pin=R2_U_OutputStage2-1
Removed Pin From Net: NetName=NetIC2_U_OutputStage2_3 Pin=R2_U_OutputStage2-2
Removed Pin From Net: NetName=NetQ2_U_OutputStage3_1 Pin=R2_U_OutputStage3-1
Removed Pin From Net: NetName=NetIC2_U_OutputStage3_3 Pin=R2_U_OutputStage3-2
Removed Pin From Net: NetName=NetIC2_U_OutputStage1_28 Pin=R3_U_OutputStage1-2
Removed Pin From Net: NetName=NetIC2_U_OutputStage2_28 Pin=R3_U_OutputStage2-2
Removed Pin From Net: NetName=NetIC2_U_OutputStage1_28 Pin=R4_U_OutputStage1-1
Removed Pin From Net: NetName=NetIC2_U_OutputStage2_28 Pin=R4_U_OutputStage2-1
Removed Pin From Net: NetName=NetIC2_U_OutputStage1_27 Pin=R5_U_OutputStage1-1
Removed Pin From Net: NetName=NetIC2_U_OutputStage2_27 Pin=R5_U_OutputStage2-1
Removed Pin From Net: NetName=NetIC2_U_OutputStage3_27 Pin=R5_U_OutputStage3-1
Removed Pin From Net: NetName=NetIC2_U_OutputStage1_23 Pin=R6_U_OutputStage1-2
Removed Pin From Net: NetName=NetIC2_U_OutputStage2_23 Pin=R6_U_OutputStage2-2
Removed Pin From Net: NetName=NetIC2_U_OutputStage3_23 Pin=R6_U_OutputStage3-2
Removed Pin From Net: NetName=NetIC2_U_OutputStage1_26 Pin=R7_U_OutputStage1-1
Removed Pin From Net: NetName=NetIC2_U_OutputStage2_26 Pin=R7_U_OutputStage2-1
Removed Pin From Net: NetName=NetIC2_U_OutputStage3_26 Pin=R7_U_OutputStage3-1
Removed Pin From Net: NetName=NetIC2_U_OutputStage1_25 Pin=R8_U_OutputStage1-1
Removed Pin From Net: NetName=NetIC2_U_OutputStage2_25 Pin=R8_U_OutputStage2-1
Removed Pin From Net: NetName=NetIC2_U_OutputStage3_25 Pin=R8_U_OutputStage3-1
Removed Pin From Net: NetName=NetQ3_U_OutputStage1_1 Pin=R9_U_OutputStage1-1
Removed Pin From Net: NetName=NetIC2_U_OutputStage1_10 Pin=R9_U_OutputStage1-2
Removed Pin From Net: NetName=NetQ3_U_OutputStage2_1 Pin=R9_U_OutputStage2-1
Removed Pin From Net: NetName=NetIC2_U_OutputStage2_10 Pin=R9_U_OutputStage2-2
Removed Pin From Net: NetName=NetQ3_U_OutputStage3_1 Pin=R9_U_OutputStage3-1
Removed Pin From Net: NetName=NetIC2_U_OutputStage3_10 Pin=R9_U_OutputStage3-2
Removed Pin From Net: NetName=NetIC2_U_OutputStage1_24 Pin=R10_U_OutputStage1-1
Removed Pin From Net: NetName=V+_U_OutputStage1 Pin=R10_U_OutputStage1-2
Removed Pin From Net: NetName=NetIC2_U_OutputStage2_24 Pin=R10_U_OutputStage2-1
Removed Pin From Net: NetName=V+_U_OutputStage2 Pin=R10_U_OutputStage2-2
Removed Pin From Net: NetName=NetIC2_U_OutputStage3_24 Pin=R10_U_OutputStage3-1
Removed Pin From Net: NetName=V+_U_OutputStage3 Pin=R10_U_OutputStage3-2
Removed Pin From Net: NetName=NetIC2_U_OutputStage1_22 Pin=R11_U_OutputStage1-1
Removed Pin From Net: NetName=NetIC2_U_OutputStage3_22 Pin=R11_U_OutputStage3-1
Removed Pin From Net: NetName=NetQ4_U_OutputStage1_1 Pin=R12_U_OutputStage1-1
Removed Pin From Net: NetName=NetIC2_U_OutputStage1_12 Pin=R12_U_OutputStage1-2
Removed Pin From Net: NetName=NetQ4_U_OutputStage2_1 Pin=R12_U_OutputStage2-1
Removed Pin From Net: NetName=NetIC2_U_OutputStage2_12 Pin=R12_U_OutputStage2-2
Removed Pin From Net: NetName=NetQ4_U_OutputStage3_1 Pin=R12_U_OutputStage3-1
Removed Pin From Net: NetName=NetIC2_U_OutputStage3_12 Pin=R12_U_OutputStage3-2
Removed Pin From Net: NetName=NetIC2_U_OutputStage1_19 Pin=R13_U_OutputStage1-1
Removed Pin From Net: NetName=NetIC2_U_OutputStage2_19 Pin=R13_U_OutputStage2-1
Removed Pin From Net: NetName=NetIC2_U_OutputStage3_19 Pin=R13_U_OutputStage3-1
Removed Pin From Net: NetName=PGND_U_OutputStage1 Pin=R14_U_OutputStage1-1
Removed Pin From Net: NetName=PGND_U_OutputStage2 Pin=R14_U_OutputStage2-1
Removed Pin From Net: NetName=PGND_U_OutputStage3 Pin=R14_U_OutputStage3-1
Change Component Designator: OldDesignator=C1_U_OutputStage1 NewDesignator=C1_3
Change Component Designator: OldDesignator=C1_U_OutputStage2 NewDesignator=C1_2
Change Component Designator: OldDesignator=C1_U_OutputStage3 NewDesignator=C1_1
Change Component Designator: OldDesignator=C2_U_OutputStage1 NewDesignator=C2_3
Change Component Designator: OldDesignator=C2_U_OutputStage2 NewDesignator=C2_2
Change Component Designator: OldDesignator=C2_U_OutputStage3 NewDesignator=C2_1
Change Component Designator: OldDesignator=C3_U_OutputStage1 NewDesignator=C3_3
Change Component Designator: OldDesignator=C3_U_OutputStage2 NewDesignator=C3_2
Change Component Designator: OldDesignator=C3_U_OutputStage3 NewDesignator=C3_1
Change Component Designator: OldDesignator=C4_U_OutputStage1 NewDesignator=C4_3
Change Component Designator: OldDesignator=C4_U_OutputStage2 NewDesignator=C4_2
Change Component Designator: OldDesignator=C4_U_OutputStage3 NewDesignator=C4_1
Change Component Designator: OldDesignator=C5_U_OutputStage1 NewDesignator=C5_3
Change Component Designator: OldDesignator=C5_U_OutputStage2 NewDesignator=C5_2
Change Component Designator: OldDesignator=C5_U_OutputStage3 NewDesignator=C5_1
Change Component Designator: OldDesignator=C6_U_OutputStage1 NewDesignator=C6_3
Change Component Designator: OldDesignator=C6_U_OutputStage2 NewDesignator=C6_2
Change Component Designator: OldDesignator=C6_U_OutputStage3 NewDesignator=C6_1
Change Component Designator: OldDesignator=C7_U_OutputStage1 NewDesignator=C7_3
Change Component Designator: OldDesignator=C7_U_OutputStage2 NewDesignator=C7_2
Change Component Designator: OldDesignator=C7_U_OutputStage3 NewDesignator=C7_1
Change Component Designator: OldDesignator=P1_U_OutputStage1 NewDesignator=P1_3
Change Component Designator: OldDesignator=P1_U_OutputStage2 NewDesignator=P1_2
Change Component Designator: OldDesignator=P1_U_OutputStage3 NewDesignator=P1_1
Change Component Designator: OldDesignator=R1_U_OutputStage1 NewDesignator=R1_3
Change Component Designator: OldDesignator=R1_U_OutputStage2 NewDesignator=R1_2
Change Component Designator: OldDesignator=R1_U_OutputStage3 NewDesignator=R1_1
Change Component Designator: OldDesignator=R2_U_OutputStage1 NewDesignator=R2_3
Change Component Designator: OldDesignator=R2_U_OutputStage2 NewDesignator=R2_2
Change Component Designator: OldDesignator=R2_U_OutputStage3 NewDesignator=R2_1
Change Component Designator: OldDesignator=R3_U_OutputStage1 NewDesignator=R3_3
Change Component Designator: OldDesignator=R3_U_OutputStage2 NewDesignator=R3_2
Change Component Designator: OldDesignator=R3_U_OutputStage3 NewDesignator=R3_1
Change Component Designator: OldDesignator=R4_U_OutputStage1 NewDesignator=R4_3
Change Component Designator: OldDesignator=R4_U_OutputStage2 NewDesignator=R4_2
Change Component Designator: OldDesignator=R4_U_OutputStage3 NewDesignator=R4_1
Change Component Designator: OldDesignator=R5_U_OutputStage1 NewDesignator=R5_3
Change Component Designator: OldDesignator=R5_U_OutputStage2 NewDesignator=R5_2
Change Component Designator: OldDesignator=R5_U_OutputStage3 NewDesignator=R5_1
Change Component Designator: OldDesignator=R6_U_OutputStage1 NewDesignator=R6_3
Change Component Designator: OldDesignator=R6_U_OutputStage2 NewDesignator=R6_2
Change Component Designator: OldDesignator=R6_U_OutputStage3 NewDesignator=R6_1
Change Component Designator: OldDesignator=R7_U_OutputStage1 NewDesignator=R7_3
Change Component Designator: OldDesignator=R7_U_OutputStage2 NewDesignator=R7_2
Change Component Designator: OldDesignator=R7_U_OutputStage3 NewDesignator=R7_1
Change Component Designator: OldDesignator=R8_U_OutputStage1 NewDesignator=R8_3
Change Component Designator: OldDesignator=R8_U_OutputStage2 NewDesignator=R8_2
Change Component Designator: OldDesignator=R8_U_OutputStage3 NewDesignator=R8_1
Change Component Designator: OldDesignator=R9_U_OutputStage1 NewDesignator=R9_3
Change Component Designator: OldDesignator=R9_U_OutputStage2 NewDesignator=R9_2
Change Component Designator: OldDesignator=R9_U_OutputStage3 NewDesignator=R9_1
Change Component Designator: OldDesignator=R10_U_OutputStage1 NewDesignator=R10_3
Change Component Designator: OldDesignator=R10_U_OutputStage2 NewDesignator=R10_2
Change Component Designator: OldDesignator=R10_U_OutputStage3 NewDesignator=R10_1
Change Component Designator: OldDesignator=R11_U_OutputStage1 NewDesignator=R11_3
Change Component Designator: OldDesignator=R11_U_OutputStage2 NewDesignator=R11_2
Change Component Designator: OldDesignator=R11_U_OutputStage3 NewDesignator=R11_1
Change Component Designator: OldDesignator=R12_U_OutputStage1 NewDesignator=R12_3
Change Component Designator: OldDesignator=R12_U_OutputStage2 NewDesignator=R12_2
Change Component Designator: OldDesignator=R12_U_OutputStage3 NewDesignator=R12_1
Change Component Designator: OldDesignator=R13_U_OutputStage1 NewDesignator=R13_3
Change Component Designator: OldDesignator=R13_U_OutputStage2 NewDesignator=R13_2
Change Component Designator: OldDesignator=R13_U_OutputStage3 NewDesignator=R13_1
Change Component Designator: OldDesignator=R14_U_OutputStage1 NewDesignator=R14_3
Change Component Designator: OldDesignator=R14_U_OutputStage2 NewDesignator=R14_2
Change Component Designator: OldDesignator=R14_U_OutputStage3 NewDesignator=R14_1
Added Pin To Net: NetName=NetC2_U_OutputStage1_1 Pin=C1_1-1
Added Pin To Net: NetName=NetC3_U_OutputStage2_2 Pin=C1_1-2
Added Pin To Net: NetName=NetC2_U_OutputStage2_1 Pin=C1_2-1
Added Pin To Net: NetName=NetC3_U_OutputStage3_1 Pin=C1_2-2
Added Pin To Net: NetName=NetC2_U_OutputStage3_1 Pin=C1_3-1
Added Pin To Net: NetName=NetC3_U_OutputStage3_2 Pin=C1_3-2
Added Pin To Net: NetName=V+_U_OutputStage3 Pin=C2_1-1
Added Pin To Net: NetName=NetIC2_U_OutputStage3_23 Pin=C2_2-1
Added Pin To Net: NetName=NetIC2_U_OutputStage1_24 Pin=C2_3-1
Added Pin To Net: NetName=V+_U_OutputStage2 Pin=C3_1-1
Added Pin To Net: NetName=V+_U_OutputStage1 Pin=C3_1-2
Added Pin To Net: NetName=NetIC2_U_OutputStage3_22 Pin=C3_2-1
Added Pin To Net: NetName=NetIC2_U_OutputStage3_19 Pin=C3_2-2
Added Pin To Net: NetName=NetIC2_U_OutputStage1_23 Pin=C3_3-1
Added Pin To Net: NetName=NetIC2_U_OutputStage1_22 Pin=C3_3-2
Added Pin To Net: NetName=PGND_U_OutputStage3 Pin=C4_1-1
Added Pin To Net: NetName=NetIC2_U_OutputStage3_12 Pin=C4_2-1
Added Pin To Net: NetName=NetIC2_U_OutputStage1_19 Pin=C4_3-1
Added Pin To Net: NetName=PGND_U_OutputStage2 Pin=C6_1-1
Added Pin To Net: NetName=PGND_U_OutputStage1 Pin=C6_1-2
Added Pin To Net: NetName=NetIC2_U_OutputStage3_10 Pin=C6_2-1
Added Pin To Net: NetName=NetIC2_U_OutputStage3_5 Pin=C6_2-2
Added Pin To Net: NetName=NetIC2_U_OutputStage1_12 Pin=C6_3-1
Added Pin To Net: NetName=NetIC2_U_OutputStage1_10 Pin=C6_3-2
Added Pin To Net: NetName=NetQ4_U_OutputStage3_1 Pin=C7_1-1
Added Pin To Net: NetName=NetQ4_U_OutputStage2_1 Pin=C7_1-2
Added Pin To Net: NetName=NetIC2_U_OutputStage3_3 Pin=C7_2-1
Added Pin To Net: NetName=NetIC2_U_OutputStage2_28 Pin=C7_2-2
Added Pin To Net: NetName=NetIC2_U_OutputStage1_5 Pin=C7_3-1
Added Pin To Net: NetName=NetIC2_U_OutputStage1_3 Pin=C7_3-2
Added Pin To Net: NetName=V+_U_OutputStage1 Pin=P1_1-1
Added Pin To Net: NetName=NetQ4_U_OutputStage1_1 Pin=P1_1-2
Added Pin To Net: NetName=NetIC2_U_OutputStage3_19 Pin=P1_2-1
Added Pin To Net: NetName=NetIC2_U_OutputStage2_27 Pin=P1_2-2
Added Pin To Net: NetName=NetIC2_U_OutputStage1_22 Pin=P1_3-1
Added Pin To Net: NetName=NetIC1_U_OutputStage3_7 Pin=P1_3-2
Added Pin To Net: NetName=NetIC2_U_OutputStage3_27 Pin=R1_1-1
Added Pin To Net: NetName=NetQ3_U_OutputStage2_1 Pin=R1_1-2
Added Pin To Net: NetName=NetIC2_U_OutputStage1_28 Pin=R1_2-1
Added Pin To Net: NetName=NetIC2_U_OutputStage2_25 Pin=R1_2-2
Added Pin To Net: NetName=NetC7_U_OutputStage1_1 Pin=R1_3-1
Added Pin To Net: NetName=NetIC1_U_OutputStage2_7 Pin=R1_3-2
Added Pin To Net: NetName=NetIC2_U_OutputStage3_26 Pin=R2_1-1
Added Pin To Net: NetName=NetQ3_U_OutputStage3_1 Pin=R2_1-2
Added Pin To Net: NetName=NetIC2_U_OutputStage1_27 Pin=R2_2-1
Added Pin To Net: NetName=NetIC2_U_OutputStage2_26 Pin=R2_2-2
Added Pin To Net: NetName=NetC6_U_OutputStage3_2 Pin=R2_3-1
Added Pin To Net: NetName=NetIC1_U_OutputStage3_3 Pin=R2_3-2
Added Pin To Net: NetName=NetIC2_U_OutputStage2_3 Pin=R3_2-2
Added Pin To Net: NetName=NetC7_U_OutputStage1_2 Pin=R3_3-2
Added Pin To Net: NetName=NetIC2_U_OutputStage2_3 Pin=R4_2-1
Added Pin To Net: NetName=NetC7_U_OutputStage1_2 Pin=R4_3-1
Added Pin To Net: NetName=NetQ1_U_OutputStage1_1 Pin=R5_1-1
Added Pin To Net: NetName=NetIC2_U_OutputStage2_5 Pin=R5_2-1
Added Pin To Net: NetName=NetC7_U_OutputStage2_1 Pin=R5_3-1
Added Pin To Net: NetName=NetC3_U_OutputStage1_1 Pin=R6_1-2
Added Pin To Net: NetName=NetC3_U_OutputStage1_2 Pin=R6_2-2
Added Pin To Net: NetName=NetC3_U_OutputStage2_1 Pin=R6_3-2
Added Pin To Net: NetName=NetQ1_U_OutputStage2_1 Pin=R7_1-1
Added Pin To Net: NetName=NetIC2_U_OutputStage2_10 Pin=R7_2-1
Added Pin To Net: NetName=NetC7_U_OutputStage2_2 Pin=R7_3-1
Added Pin To Net: NetName=NetQ1_U_OutputStage3_1 Pin=R8_1-1
Added Pin To Net: NetName=NetIC2_U_OutputStage2_12 Pin=R8_2-1
Added Pin To Net: NetName=NetC7_U_OutputStage3_1 Pin=R8_3-1
Added Pin To Net: NetName=NetIC2_U_OutputStage3_25 Pin=R9_1-1
Added Pin To Net: NetName=NetQ3_U_OutputStage1_1 Pin=R9_1-2
Added Pin To Net: NetName=NetIC2_U_OutputStage1_26 Pin=R9_2-1
Added Pin To Net: NetName=NetIC2_U_OutputStage2_24 Pin=R9_2-2
Added Pin To Net: NetName=NetC6_U_OutputStage3_1 Pin=R9_3-1
Added Pin To Net: NetName=NetIC1_U_OutputStage2_3 Pin=R9_3-2
Added Pin To Net: NetName=NetQ2_U_OutputStage1_1 Pin=R10_1-1
Added Pin To Net: NetName=NetC2_U_OutputStage1_1 Pin=R10_1-2
Added Pin To Net: NetName=NetIC2_U_OutputStage2_19 Pin=R10_2-1
Added Pin To Net: NetName=NetC2_U_OutputStage2_1 Pin=R10_2-2
Added Pin To Net: NetName=NetC7_U_OutputStage3_2 Pin=R10_3-1
Added Pin To Net: NetName=NetC2_U_OutputStage3_1 Pin=R10_3-2
Added Pin To Net: NetName=NetQ2_U_OutputStage2_1 Pin=R11_1-1
Added Pin To Net: NetName=NetIC1_U_OutputStage1_3 Pin=R11_3-1
Added Pin To Net: NetName=NetIC2_U_OutputStage3_24 Pin=R12_1-1
Added Pin To Net: NetName=NetQ2_U_OutputStage3_1 Pin=R12_1-2
Added Pin To Net: NetName=NetIC2_U_OutputStage1_25 Pin=R12_2-1
Added Pin To Net: NetName=NetIC2_U_OutputStage2_23 Pin=R12_2-2
Added Pin To Net: NetName=NetC6_U_OutputStage2_2 Pin=R12_3-1
Added Pin To Net: NetName=NetIC1_U_OutputStage1_7 Pin=R12_3-2
Added Pin To Net: NetName=NetC6_U_OutputStage1_1 Pin=R13_1-1
Added Pin To Net: NetName=NetC6_U_OutputStage1_2 Pin=R13_2-1
Added Pin To Net: NetName=NetC6_U_OutputStage2_1 Pin=R13_3-1
Added Pin To Net: NetName=NetC3_U_OutputStage2_2 Pin=R14_1-1
Added Pin To Net: NetName=NetC3_U_OutputStage3_1 Pin=R14_2-1
Added Pin To Net: NetName=NetC3_U_OutputStage3_2 Pin=R14_3-1
Change Net Name : Old Net Name=5V_U_OutputStage1 New Net Name=5V_3
Change Net Name : Old Net Name=5V_U_OutputStage2 New Net Name=5V_2
Change Net Name : Old Net Name=5V_U_OutputStage3 New Net Name=5V_1
Change Net Name : Old Net Name=GND_U_OutputStage1 New Net Name=GND_3
Change Net Name : Old Net Name=GND_U_OutputStage2 New Net Name=GND_2
Change Net Name : Old Net Name=GND_U_OutputStage3 New Net Name=GND_1
Change Net Name : Old Net Name=NetC2_U_OutputStage1_1 New Net Name=V+_1
Change Net Name : Old Net Name=NetC2_U_OutputStage2_1 New Net Name=V+_2
Change Net Name : Old Net Name=NetC2_U_OutputStage3_1 New Net Name=V+_3
Change Net Name : Old Net Name=NetC3_U_OutputStage1_1 New Net Name=NetIC2_1_23
Change Net Name : Old Net Name=NetC3_U_OutputStage1_2 New Net Name=NetIC2_2_23
Change Net Name : Old Net Name=NetC3_U_OutputStage2_1 New Net Name=NetIC2_3_23
Change Net Name : Old Net Name=NetC3_U_OutputStage2_2 New Net Name=PGND_1
Change Net Name : Old Net Name=NetC3_U_OutputStage3_1 New Net Name=PGND_2
Change Net Name : Old Net Name=NetC3_U_OutputStage3_2 New Net Name=PGND_3
Change Net Name : Old Net Name=NetC4_U_OutputStage1_1 New Net Name=NetIC1_1_7
Change Net Name : Old Net Name=NetC4_U_OutputStage2_1 New Net Name=NetIC1_2_7
Change Net Name : Old Net Name=NetC4_U_OutputStage3_1 New Net Name=NetIC1_3_7
Change Net Name : Old Net Name=NetC6_U_OutputStage1_1 New Net Name=NetIC2_1_19
Change Net Name : Old Net Name=NetC6_U_OutputStage1_2 New Net Name=NetIC2_2_19
Change Net Name : Old Net Name=NetC6_U_OutputStage2_1 New Net Name=NetIC2_3_19
Change Net Name : Old Net Name=NetC6_U_OutputStage2_2 New Net Name=NetQ4_3_1
Change Net Name : Old Net Name=NetC6_U_OutputStage3_1 New Net Name=NetQ3_3_1
Change Net Name : Old Net Name=NetC6_U_OutputStage3_2 New Net Name=NetQ2_3_1
Change Net Name : Old Net Name=NetC7_U_OutputStage1_1 New Net Name=NetQ1_3_1
Change Net Name : Old Net Name=NetC7_U_OutputStage1_2 New Net Name=NetIC2_3_28
Change Net Name : Old Net Name=NetC7_U_OutputStage2_1 New Net Name=NetIC2_3_27
Change Net Name : Old Net Name=NetC7_U_OutputStage2_2 New Net Name=NetIC2_3_26
Change Net Name : Old Net Name=NetC7_U_OutputStage3_1 New Net Name=NetIC2_3_25
Change Net Name : Old Net Name=NetC7_U_OutputStage3_2 New Net Name=NetIC2_3_24
Change Net Name : Old Net Name=NetIC1_U_OutputStage1_3 New Net Name=NetIC2_3_22
Change Net Name : Old Net Name=NetIC1_U_OutputStage1_7 New Net Name=NetIC2_3_12
Change Net Name : Old Net Name=NetIC1_U_OutputStage2_3 New Net Name=NetIC2_3_10
Change Net Name : Old Net Name=NetIC1_U_OutputStage2_7 New Net Name=NetIC2_3_5
Change Net Name : Old Net Name=NetIC1_U_OutputStage3_3 New Net Name=NetIC2_3_3
Change Net Name : Old Net Name=NetIC1_U_OutputStage3_7 New Net Name=NetIC1_3_3
Change Net Name : Old Net Name=NetIC2_U_OutputStage1_3 New Net Name=NetC7_3_2
Change Net Name : Old Net Name=NetIC2_U_OutputStage1_5 New Net Name=NetC7_3_1
Change Net Name : Old Net Name=NetIC2_U_OutputStage1_10 New Net Name=NetC6_3_2
Change Net Name : Old Net Name=NetIC2_U_OutputStage1_12 New Net Name=NetC6_3_1
Change Net Name : Old Net Name=NetIC2_U_OutputStage1_19 New Net Name=NetC4_3_1
Change Net Name : Old Net Name=NetIC2_U_OutputStage1_22 New Net Name=NetC3_3_2
Change Net Name : Old Net Name=NetIC2_U_OutputStage1_23 New Net Name=NetC3_3_1
Change Net Name : Old Net Name=NetIC2_U_OutputStage1_24 New Net Name=NetC2_3_1
Change Net Name : Old Net Name=NetIC2_U_OutputStage1_25 New Net Name=NetQ4_2_1
Change Net Name : Old Net Name=NetIC2_U_OutputStage1_26 New Net Name=NetQ3_2_1
Change Net Name : Old Net Name=NetIC2_U_OutputStage1_27 New Net Name=NetQ2_2_1
Change Net Name : Old Net Name=NetIC2_U_OutputStage1_28 New Net Name=NetQ1_2_1
Change Net Name : Old Net Name=NetIC2_U_OutputStage2_3 New Net Name=NetIC2_2_28
Change Net Name : Old Net Name=NetIC2_U_OutputStage2_5 New Net Name=NetIC2_2_27
Change Net Name : Old Net Name=NetIC2_U_OutputStage2_10 New Net Name=NetIC2_2_26
Change Net Name : Old Net Name=NetIC2_U_OutputStage2_12 New Net Name=NetIC2_2_25
Change Net Name : Old Net Name=NetIC2_U_OutputStage2_19 New Net Name=NetIC2_2_24
Change Net Name : Old Net Name=NetIC2_U_OutputStage2_22 New Net Name=NetIC2_2_22
Change Net Name : Old Net Name=NetIC2_U_OutputStage2_23 New Net Name=NetIC2_2_12
Change Net Name : Old Net Name=NetIC2_U_OutputStage2_24 New Net Name=NetIC2_2_10
Change Net Name : Old Net Name=NetIC2_U_OutputStage2_25 New Net Name=NetIC2_2_5
Change Net Name : Old Net Name=NetIC2_U_OutputStage2_26 New Net Name=NetIC2_2_3
Change Net Name : Old Net Name=NetIC2_U_OutputStage2_27 New Net Name=NetIC1_2_3
Change Net Name : Old Net Name=NetIC2_U_OutputStage2_28 New Net Name=NetC7_2_2
Change Net Name : Old Net Name=NetIC2_U_OutputStage3_3 New Net Name=NetC7_2_1
Change Net Name : Old Net Name=NetIC2_U_OutputStage3_5 New Net Name=NetC6_2_2
Change Net Name : Old Net Name=NetIC2_U_OutputStage3_10 New Net Name=NetC6_2_1
Change Net Name : Old Net Name=NetIC2_U_OutputStage3_12 New Net Name=NetC4_2_1
Change Net Name : Old Net Name=NetIC2_U_OutputStage3_19 New Net Name=NetC3_2_2
Change Net Name : Old Net Name=NetIC2_U_OutputStage3_22 New Net Name=NetC3_2_1
Change Net Name : Old Net Name=NetIC2_U_OutputStage3_23 New Net Name=NetC2_2_1
Change Net Name : Old Net Name=NetIC2_U_OutputStage3_24 New Net Name=NetQ4_1_1
Change Net Name : Old Net Name=NetIC2_U_OutputStage3_25 New Net Name=NetQ3_1_1
Change Net Name : Old Net Name=NetIC2_U_OutputStage3_26 New Net Name=NetQ2_1_1
Change Net Name : Old Net Name=NetIC2_U_OutputStage3_27 New Net Name=NetQ1_1_1
Change Net Name : Old Net Name=NetIC2_U_OutputStage3_28 New Net Name=NetIC2_1_28
Change Net Name : Old Net Name=NetQ1_U_OutputStage1_1 New Net Name=NetIC2_1_27
Change Net Name : Old Net Name=NetQ1_U_OutputStage2_1 New Net Name=NetIC2_1_26
Change Net Name : Old Net Name=NetQ1_U_OutputStage3_1 New Net Name=NetIC2_1_25
Change Net Name : Old Net Name=NetQ2_U_OutputStage1_1 New Net Name=NetIC2_1_24
Change Net Name : Old Net Name=NetQ2_U_OutputStage2_1 New Net Name=NetIC2_1_22
Change Net Name : Old Net Name=NetQ2_U_OutputStage3_1 New Net Name=NetIC2_1_12
Change Net Name : Old Net Name=NetQ3_U_OutputStage1_1 New Net Name=NetIC2_1_10
Change Net Name : Old Net Name=NetQ3_U_OutputStage2_1 New Net Name=NetIC2_1_5
Change Net Name : Old Net Name=NetQ3_U_OutputStage3_1 New Net Name=NetIC2_1_3
Change Net Name : Old Net Name=NetQ4_U_OutputStage1_1 New Net Name=NetIC1_1_3
Change Net Name : Old Net Name=NetQ4_U_OutputStage2_1 New Net Name=NetC7_1_2
Change Net Name : Old Net Name=NetQ4_U_OutputStage3_1 New Net Name=NetC7_1_1
Change Net Name : Old Net Name=PGND_U_OutputStage1 New Net Name=NetC6_1_2
Change Net Name : Old Net Name=PGND_U_OutputStage2 New Net Name=NetC6_1_1
Change Net Name : Old Net Name=PGND_U_OutputStage3 New Net Name=NetC4_1_1
Change Net Name : Old Net Name=V+_U_OutputStage1 New Net Name=NetC3_1_2
Change Net Name : Old Net Name=V+_U_OutputStage2 New Net Name=NetC3_1_1
Change Net Name : Old Net Name=V+_U_OutputStage3 New Net Name=NetC2_1_1
Change Class Name : Old Net Name=U_OutputStage1 New Net Name=U_OutputStage_3
Change Class Name : Old Net Name=U_OutputStage2 New Net Name=U_OutputStage_2
Change Class Name : Old Net Name=U_OutputStage3 New Net Name=U_OutputStage_1
Change Room Name: Old Name=U_OutputStage3 New Name=U_OutputStage_3
Change Room Scope: Old Scope=InComponentClass('U_OutputStage3') New Scope=InComponentClass('U_OutputStage_3')
Added Room: Name=U_OutputStage_1
Added Room: Name=U_OutputStage_2
